# Orin Controller Emulator fault recovery transcript
# Timestamps are milliseconds since session start

[+     0 ms] HOST> [TAB] prefix="fa" suffix="" cursor=2
[+     0 ms] EMU < completion applied: fault (range=0..2)
[+     0 ms] HOST> [TAB] prefix="fault " suffix="" cursor=6
[+     0 ms] EMU < completion applied: recover (range=6..6)
[+     0 ms] HOST> [TAB] prefix="fault r" suffix="" cursor=7
[+     0 ms] EMU < completion applied: recover (range=6..7)
[+     0 ms] HOST> [TAB] prefix="fault recover " suffix="" cursor=14
[+     0 ms] EMU < completion options (3)
[+     0 ms] EMU <   retries=1
[+     0 ms] EMU <   retries=2
[+     0 ms] EMU <   retries=3
[+     0 ms] HOST> [TAB] prefix="fault recover r" suffix="" cursor=15
[+     0 ms] EMU < completion options (3)
[+     0 ms] EMU <   retries=1
[+     0 ms] EMU <   retries=2
[+     0 ms] EMU <   retries=3
[+     0 ms] HOST> [TAB] prefix="fault recover retries=" suffix="" cursor=22
[+     0 ms] EMU < completion options (3)
[+     0 ms] EMU <   retries=1
[+     0 ms] EMU <   retries=2
[+     0 ms] EMU <   retries=3
[+     0 ms] HOST> [TAB] prefix="fault recover retries=3" suffix="" cursor=23
[+     0 ms] EMU < completion applied: retries=3 (range=14..23)
[+     0 ms] HOST> fault recover
[+     0 ms] EMU < OK fault recover seq=1 at=+0ms retries=3
[+     0 ms] EMU < FaultRecovery run-duration=1.470s steps=6
[+     0 ms] EMU <   1. APO assert-low hold=250ms limits=250ms..250ms mode=after-duration
[+     0 ms] EMU <   2. APO release-high hold=0ms limits=unbounded mode=after-duration
[+     0 ms] EMU <   3. PWR* assert-low hold=200ms limits=180ms..220ms mode=after-duration
[+     0 ms] EMU <   4. PWR* release-high hold=1.000s limits=900ms..1.100s mode=after-duration
[+     0 ms] EMU <   5. RESET* assert-low hold=20ms min=20ms mode=after-duration
[+     0 ms] EMU <   6. RESET* release-high hold=0ms limits=unbounded mode=after-duration
[+  2505 ms] HOST> fault recover retries=1
[+  2505 ms] EMU < OK fault recover seq=2 at=+2505ms retries=1
[+  2505 ms] EMU < retry override applied (default 3)
[+  2505 ms] EMU < FaultRecovery run-duration=1.470s steps=6
[+  2505 ms] EMU <   1. APO assert-low hold=250ms limits=250ms..250ms mode=after-duration
[+  2505 ms] EMU <   2. APO release-high hold=0ms limits=unbounded mode=after-duration
[+  2505 ms] EMU <   3. PWR* assert-low hold=200ms limits=180ms..220ms mode=after-duration
[+  2505 ms] EMU <   4. PWR* release-high hold=1.000s limits=900ms..1.100s mode=after-duration
[+  2505 ms] EMU <   5. RESET* assert-low hold=20ms min=20ms mode=after-duration
[+  2505 ms] EMU <   6. RESET* release-high hold=0ms limits=unbounded mode=after-duration
